<?xml version="1.0" encoding="UTF-8"?>
<testsuite name="TestSuite" time="1.742" tests="4" errors="0" skipped="2" failures="2">
  <properties>
[...]
</properties>
  <testcase name="test_SearchForm" classname="testcases.TestSearchForm" time="1.059">
    <skipped/>
  </testcase>
  <testcase name="test_PriceDDList" classname="testcases.TestGetPriceDDList" time="0.232">
    <failure message="expected [true] but found [false]" type="java.lang.AssertionError">java.lang.AssertionError: expected [true] but found [false]
	at org.testng.Assert.fail(Assert.java:94)
	at org.testng.Assert.failNotEquals(Assert.java:494)
	at org.testng.Assert.assertEquals(Assert.java:123)
	at org.testng.Assert.assertEquals(Assert.java:165)
	at testcases.TestGetPriceDDList.test_PriceDDList(TestGetPriceDDList.java:16)
</failure>
  </testcase>
  <testcase name="test_DetailProPage" classname="testcases.TestDetailsProduct" time="0.166">
    <failure message="expected [true] but found [false]" type="java.lang.AssertionError">java.lang.AssertionError: expected [true] but found [false]
	at org.testng.Assert.fail(Assert.java:94)
	at org.testng.Assert.failNotEquals(Assert.java:494)
	at org.testng.Assert.assertEquals(Assert.java:123)
	at org.testng.Assert.assertEquals(Assert.java:165)
	at testcases.TestDetailsProduct.test_DetailProPage(TestDetailsProduct.java:16)
</failure>
  </testcase>
  <testcase name="test_GetInfoForm" classname="testcases.TestGetInfo" time="0.285">
    <skipped/>
  </testcase>
</testsuite>